<?xml version="1.0" encoding="UTF-8"?>
<!-- Generated by org.testng.reporters.JUnitXMLReporter -->
<testsuite ignored="0" hostname="DESKTOP-9KEFPRG" failures="0" tests="5" name="Default test" time="43.663" errors="0" timestamp="2024-05-16T19:22:59 IST">
  <testcase classname="TestNG.DemoWebShop" name="toregister" time="10.314"/>
  <testcase classname="TestNG.DemoWebShop" name="toregister" time="8.231"/>
  <testcase classname="TestNG.DemoWebShop" name="toregister" time="7.568"/>
  <testcase classname="TestNG.DemoWebShop" name="toregister" time="8.479"/>
  <testcase classname="TestNG.DemoWebShop" name="toregister" time="8.965"/>
</testsuite> <!-- Default test -->
