<?xml version="1.0" encoding="UTF-8"?>
<!-- Generated by org.testng.reporters.JUnitXMLReporter -->
<testsuite ignored="0" hostname="DESKTOP-9KEFPRG" failures="0" tests="4" name="Test" time="17.304" errors="0" timestamp="2024-05-16T16:29:05 IST">
  <testcase classname="TestNG.Dataprovider" name="tologin" time="5.09"/>
  <testcase classname="TestNG.Dataprovider" name="tologin" time="4.157"/>
  <testcase classname="TestNG.Dataprovider" name="tologin" time="3.749"/>
  <testcase classname="TestNG.Dataprovider" name="tologin" time="4.243"/>
</testsuite> <!-- Test -->
