<?xml version="1.0" encoding="UTF-8"?>
<testng-results ignored="0" total="5" passed="5" failed="0" skipped="0">
  <reporter-output>
  </reporter-output>
  <suite started-at="2024-05-16T19:22:16 IST" name="Default suite" finished-at="2024-05-16T19:22:59 IST" duration-ms="43663">
    <groups>
    </groups>
    <test started-at="2024-05-16T19:22:16 IST" name="Default test" finished-at="2024-05-16T19:22:59 IST" duration-ms="43663">
      <class name="TestNG.DemoWebShop">
        <test-method signature="toregister(java.lang.String,java.lang.String,java.lang.String,java.lang.String,java.lang.String,java.lang.String)[pri:0, instance:TestNG.DemoWebShop@7e0b85f9]" started-at="2024-05-16T19:22:16 IST" name="toregister" data-provider="cred" finished-at="2024-05-16T19:22:26 IST" duration-ms="10314" status="PASS">
          <params>
            <param index="0">
              <value>
                <![CDATA[male]]>
              </value>
            </param>
            <param index="1">
              <value>
                <![CDATA[vignesh]]>
              </value>
            </param>
            <param index="2">
              <value>
                <![CDATA[naik]]>
              </value>
            </param>
            <param index="3">
              <value>
                <![CDATA[vignesh@gmail.com]]>
              </value>
            </param>
            <param index="4">
              <value>
                <![CDATA[naik123]]>
              </value>
            </param>
            <param index="5">
              <value>
                <![CDATA[naik123]]>
              </value>
            </param>
          </params>
          <reporter-output>
          </reporter-output>
        </test-method> <!-- toregister -->
        <test-method signature="toregister(java.lang.String,java.lang.String,java.lang.String,java.lang.String,java.lang.String,java.lang.String)[pri:0, instance:TestNG.DemoWebShop@7e0b85f9]" started-at="2024-05-16T19:22:26 IST" name="toregister" data-provider="cred" finished-at="2024-05-16T19:22:34 IST" duration-ms="8231" status="PASS">
          <params>
            <param index="0">
              <value>
                <![CDATA[male]]>
              </value>
            </param>
            <param index="1">
              <value>
                <![CDATA[sai]]>
              </value>
            </param>
            <param index="2">
              <value>
                <![CDATA[ram]]>
              </value>
            </param>
            <param index="3">
              <value>
                <![CDATA[sairam@gmail.com]]>
              </value>
            </param>
            <param index="4">
              <value>
                <![CDATA[sai123]]>
              </value>
            </param>
            <param index="5">
              <value>
                <![CDATA[sai123]]>
              </value>
            </param>
          </params>
          <reporter-output>
          </reporter-output>
        </test-method> <!-- toregister -->
        <test-method signature="toregister(java.lang.String,java.lang.String,java.lang.String,java.lang.String,java.lang.String,java.lang.String)[pri:0, instance:TestNG.DemoWebShop@7e0b85f9]" started-at="2024-05-16T19:22:34 IST" name="toregister" data-provider="cred" finished-at="2024-05-16T19:22:42 IST" duration-ms="7568" status="PASS">
          <params>
            <param index="0">
              <value>
                <![CDATA[female]]>
              </value>
            </param>
            <param index="1">
              <value>
                <![CDATA[nuthan]]>
              </value>
            </param>
            <param index="2">
              <value>
                <![CDATA[bhat]]>
              </value>
            </param>
            <param index="3">
              <value>
                <![CDATA[nuthan@gmail.com]]>
              </value>
            </param>
            <param index="4">
              <value>
                <![CDATA[bhat123]]>
              </value>
            </param>
            <param index="5">
              <value>
                <![CDATA[bhat123]]>
              </value>
            </param>
          </params>
          <reporter-output>
          </reporter-output>
        </test-method> <!-- toregister -->
        <test-method signature="toregister(java.lang.String,java.lang.String,java.lang.String,java.lang.String,java.lang.String,java.lang.String)[pri:0, instance:TestNG.DemoWebShop@7e0b85f9]" started-at="2024-05-16T19:22:42 IST" name="toregister" data-provider="cred" finished-at="2024-05-16T19:22:50 IST" duration-ms="8479" status="PASS">
          <params>
            <param index="0">
              <value>
                <![CDATA[male]]>
              </value>
            </param>
            <param index="1">
              <value>
                <![CDATA[tejas]]>
              </value>
            </param>
            <param index="2">
              <value>
                <![CDATA[poojari]]>
              </value>
            </param>
            <param index="3">
              <value>
                <![CDATA[tejas@gmail.com]]>
              </value>
            </param>
            <param index="4">
              <value>
                <![CDATA[tejas123]]>
              </value>
            </param>
            <param index="5">
              <value>
                <![CDATA[tejas123]]>
              </value>
            </param>
          </params>
          <reporter-output>
          </reporter-output>
        </test-method> <!-- toregister -->
        <test-method signature="toregister(java.lang.String,java.lang.String,java.lang.String,java.lang.String,java.lang.String,java.lang.String)[pri:0, instance:TestNG.DemoWebShop@7e0b85f9]" started-at="2024-05-16T19:22:50 IST" name="toregister" data-provider="cred" finished-at="2024-05-16T19:22:59 IST" duration-ms="8965" status="PASS">
          <params>
            <param index="0">
              <value>
                <![CDATA[female]]>
              </value>
            </param>
            <param index="1">
              <value>
                <![CDATA[vidya]]>
              </value>
            </param>
            <param index="2">
              <value>
                <![CDATA[naik]]>
              </value>
            </param>
            <param index="3">
              <value>
                <![CDATA[vidya@gmail.com]]>
              </value>
            </param>
            <param index="4">
              <value>
                <![CDATA[naik321]]>
              </value>
            </param>
            <param index="5">
              <value>
                <![CDATA[naik321]]>
              </value>
            </param>
          </params>
          <reporter-output>
          </reporter-output>
        </test-method> <!-- toregister -->
      </class> <!-- TestNG.DemoWebShop -->
    </test> <!-- Default test -->
  </suite> <!-- Default suite -->
</testng-results>
